
morse.elf:     file format elf32-avr

Sections:
Idx Name          Size      VMA       LMA       File off  Algn
  0 .data         00000012  00800100  000008ea  0000097e  2**0
                  CONTENTS, ALLOC, LOAD, DATA
  1 .text         000008ea  00000000  00000000  00000094  2**1
                  CONTENTS, ALLOC, LOAD, READONLY, CODE
  2 .bss          00000014  00800112  00800112  00000990  2**0
                  ALLOC
  3 .stab         000007a4  00000000  00000000  00000990  2**2
                  CONTENTS, READONLY, DEBUGGING
  4 .stabstr      00000e95  00000000  00000000  00001134  2**0
                  CONTENTS, READONLY, DEBUGGING
  5 .comment      00000011  00000000  00000000  00001fc9  2**0
                  CONTENTS, READONLY
  6 .note.gnu.avr.deviceinfo 00000040  00000000  00000000  00001fdc  2**2
                  CONTENTS, READONLY
  7 .debug_info   000005f4  00000000  00000000  0000201c  2**0
                  CONTENTS, READONLY, DEBUGGING
  8 .debug_abbrev 000005a2  00000000  00000000  00002610  2**0
                  CONTENTS, READONLY, DEBUGGING
  9 .debug_line   0000001a  00000000  00000000  00002bb2  2**0
                  CONTENTS, READONLY, DEBUGGING
 10 .debug_str    00000208  00000000  00000000  00002bcc  2**0
                  CONTENTS, READONLY, DEBUGGING

Disassembly of section .text:

00000000 <__vectors>:
   0:	0c 94 3a 00 	jmp	0x74	; 0x74 <__ctors_end>
   4:	0c 94 57 00 	jmp	0xae	; 0xae <__bad_interrupt>
   8:	0c 94 57 00 	jmp	0xae	; 0xae <__bad_interrupt>
   c:	0c 94 57 00 	jmp	0xae	; 0xae <__bad_interrupt>
  10:	0c 94 57 00 	jmp	0xae	; 0xae <__bad_interrupt>
  14:	0c 94 57 00 	jmp	0xae	; 0xae <__bad_interrupt>
  18:	0c 94 57 00 	jmp	0xae	; 0xae <__bad_interrupt>
  1c:	0c 94 57 00 	jmp	0xae	; 0xae <__bad_interrupt>
  20:	0c 94 57 00 	jmp	0xae	; 0xae <__bad_interrupt>
  24:	0c 94 57 00 	jmp	0xae	; 0xae <__bad_interrupt>
  28:	0c 94 57 00 	jmp	0xae	; 0xae <__bad_interrupt>
  2c:	0c 94 57 00 	jmp	0xae	; 0xae <__bad_interrupt>
  30:	0c 94 57 00 	jmp	0xae	; 0xae <__bad_interrupt>
  34:	0c 94 57 00 	jmp	0xae	; 0xae <__bad_interrupt>
  38:	0c 94 57 00 	jmp	0xae	; 0xae <__bad_interrupt>
  3c:	0c 94 57 00 	jmp	0xae	; 0xae <__bad_interrupt>
  40:	0c 94 57 00 	jmp	0xae	; 0xae <__bad_interrupt>
  44:	0c 94 57 00 	jmp	0xae	; 0xae <__bad_interrupt>
  48:	0c 94 57 00 	jmp	0xae	; 0xae <__bad_interrupt>
  4c:	0c 94 57 00 	jmp	0xae	; 0xae <__bad_interrupt>
  50:	0c 94 57 00 	jmp	0xae	; 0xae <__bad_interrupt>
  54:	0c 94 57 00 	jmp	0xae	; 0xae <__bad_interrupt>
  58:	0c 94 57 00 	jmp	0xae	; 0xae <__bad_interrupt>
  5c:	0c 94 57 00 	jmp	0xae	; 0xae <__bad_interrupt>
  60:	0c 94 57 00 	jmp	0xae	; 0xae <__bad_interrupt>
  64:	0c 94 57 00 	jmp	0xae	; 0xae <__bad_interrupt>

00000068 <__trampolines_end>:
  68:	63 64       	ori	r22, 0x43	; 67
  6a:	69 6e       	ori	r22, 0xE9	; 233
  6c:	6f 70       	andi	r22, 0x0F	; 15
  6e:	73 75       	andi	r23, 0x53	; 83
  70:	78 58       	subi	r23, 0x88	; 136
  72:	5b 00       	.word	0x005b	; ????

00000074 <__ctors_end>:
  74:	11 24       	eor	r1, r1
  76:	1f be       	out	0x3f, r1	; 63
  78:	cf ef       	ldi	r28, 0xFF	; 255
  7a:	d8 e0       	ldi	r29, 0x08	; 8
  7c:	de bf       	out	0x3e, r29	; 62
  7e:	cd bf       	out	0x3d, r28	; 61

00000080 <__do_copy_data>:
  80:	11 e0       	ldi	r17, 0x01	; 1
  82:	a0 e0       	ldi	r26, 0x00	; 0
  84:	b1 e0       	ldi	r27, 0x01	; 1
  86:	ea ee       	ldi	r30, 0xEA	; 234
  88:	f8 e0       	ldi	r31, 0x08	; 8
  8a:	02 c0       	rjmp	.+4      	; 0x90 <__do_copy_data+0x10>
  8c:	05 90       	lpm	r0, Z+
  8e:	0d 92       	st	X+, r0
  90:	a2 31       	cpi	r26, 0x12	; 18
  92:	b1 07       	cpc	r27, r17
  94:	d9 f7       	brne	.-10     	; 0x8c <__do_copy_data+0xc>

00000096 <__do_clear_bss>:
  96:	21 e0       	ldi	r18, 0x01	; 1
  98:	a2 e1       	ldi	r26, 0x12	; 18
  9a:	b1 e0       	ldi	r27, 0x01	; 1
  9c:	01 c0       	rjmp	.+2      	; 0xa0 <.do_clear_bss_start>

0000009e <.do_clear_bss_loop>:
  9e:	1d 92       	st	X+, r1

000000a0 <.do_clear_bss_start>:
  a0:	a6 32       	cpi	r26, 0x26	; 38
  a2:	b2 07       	cpc	r27, r18
  a4:	e1 f7       	brne	.-8      	; 0x9e <.do_clear_bss_loop>
  a6:	0e 94 79 00 	call	0xf2	; 0xf2 <main>
  aa:	0c 94 73 04 	jmp	0x8e6	; 0x8e6 <_exit>

000000ae <__bad_interrupt>:
  ae:	0c 94 00 00 	jmp	0	; 0x0 <__vectors>

000000b2 <uart_transmit>:

// transmisja jednego znaku
int uart_transmit(char data, FILE *stream)
{
  // czekaj aż transmiter gotowy
  while(!(UCSR0A & _BV(UDRE0)));
  b2:	90 91 c0 00 	lds	r25, 0x00C0	; 0x8000c0 <__DATA_REGION_ORIGIN__+0x60>
  b6:	95 ff       	sbrs	r25, 5
  b8:	fc cf       	rjmp	.-8      	; 0xb2 <uart_transmit>
  UDR0 = data;
  ba:	80 93 c6 00 	sts	0x00C6, r24	; 0x8000c6 <__DATA_REGION_ORIGIN__+0x66>
  return 0;
}
  be:	80 e0       	ldi	r24, 0x00	; 0
  c0:	90 e0       	ldi	r25, 0x00	; 0
  c2:	08 95       	ret

000000c4 <uart_receive>:

// odczyt jednego znaku
int uart_receive(FILE *stream)
{
  // czekaj aż znak dostępny
  while (!(UCSR0A & _BV(RXC0)));
  c4:	80 91 c0 00 	lds	r24, 0x00C0	; 0x8000c0 <__DATA_REGION_ORIGIN__+0x60>
  c8:	87 ff       	sbrs	r24, 7
  ca:	fc cf       	rjmp	.-8      	; 0xc4 <uart_receive>
  return UDR0;
  cc:	80 91 c6 00 	lds	r24, 0x00C6	; 0x8000c6 <__DATA_REGION_ORIGIN__+0x66>
}
  d0:	90 e0       	ldi	r25, 0x00	; 0
  d2:	08 95       	ret

000000d4 <uart_init>:

// inicjalizacja UART
void uart_init()
{
  // ustaw baudrate
  UBRR0 = UBRR_VALUE;
  d4:	87 e6       	ldi	r24, 0x67	; 103
  d6:	90 e0       	ldi	r25, 0x00	; 0
  d8:	90 93 c5 00 	sts	0x00C5, r25	; 0x8000c5 <__DATA_REGION_ORIGIN__+0x65>
  dc:	80 93 c4 00 	sts	0x00C4, r24	; 0x8000c4 <__DATA_REGION_ORIGIN__+0x64>
  // wyczyść rejestr UCSR0A
  UCSR0A = 0;
  e0:	10 92 c0 00 	sts	0x00C0, r1	; 0x8000c0 <__DATA_REGION_ORIGIN__+0x60>
  // włącz odbiornik i nadajnik
  UCSR0B = _BV(RXEN0) | _BV(TXEN0);
  e4:	88 e1       	ldi	r24, 0x18	; 24
  e6:	80 93 c1 00 	sts	0x00C1, r24	; 0x8000c1 <__DATA_REGION_ORIGIN__+0x61>
  // ustaw format 8n1
  UCSR0C = _BV(UCSZ00) | _BV(UCSZ01);
  ea:	86 e0       	ldi	r24, 0x06	; 6
  ec:	80 93 c2 00 	sts	0x00C2, r24	; 0x8000c2 <__DATA_REGION_ORIGIN__+0x62>
  f0:	08 95       	ret

000000f2 <main>:
}

FILE uart_file;

int main()
{
  f2:	cf 93       	push	r28
  f4:	df 93       	push	r29
  f6:	00 d0       	rcall	.+0      	; 0xf8 <main+0x6>
  f8:	cd b7       	in	r28, 0x3d	; 61
  fa:	de b7       	in	r29, 0x3e	; 62
LED_DDR |= _BV(LED);
  fc:	25 9a       	sbi	0x04, 5	; 4

// inicjalizacja UART
void uart_init()
{
  // ustaw baudrate
  UBRR0 = UBRR_VALUE;
  fe:	87 e6       	ldi	r24, 0x67	; 103
 100:	90 e0       	ldi	r25, 0x00	; 0
 102:	90 93 c5 00 	sts	0x00C5, r25	; 0x8000c5 <__DATA_REGION_ORIGIN__+0x65>
 106:	80 93 c4 00 	sts	0x00C4, r24	; 0x8000c4 <__DATA_REGION_ORIGIN__+0x64>
  // wyczyść rejestr UCSR0A
  UCSR0A = 0;
 10a:	10 92 c0 00 	sts	0x00C0, r1	; 0x8000c0 <__DATA_REGION_ORIGIN__+0x60>
  // włącz odbiornik i nadajnik
  UCSR0B = _BV(RXEN0) | _BV(TXEN0);
 10e:	88 e1       	ldi	r24, 0x18	; 24
 110:	80 93 c1 00 	sts	0x00C1, r24	; 0x8000c1 <__DATA_REGION_ORIGIN__+0x61>
  // ustaw format 8n1
  UCSR0C = _BV(UCSZ00) | _BV(UCSZ01);
 114:	86 e0       	ldi	r24, 0x06	; 6
 116:	80 93 c2 00 	sts	0x00C2, r24	; 0x8000c2 <__DATA_REGION_ORIGIN__+0x62>
{
LED_DDR |= _BV(LED);
  // zainicjalizuj UART
  uart_init();
  // skonfiguruj strumienie wejścia/wyjścia
  fdev_setup_stream(&uart_file, uart_transmit, uart_receive, _FDEV_SETUP_RW);
 11a:	82 e1       	ldi	r24, 0x12	; 18
 11c:	91 e0       	ldi	r25, 0x01	; 1
 11e:	29 e5       	ldi	r18, 0x59	; 89
 120:	30 e0       	ldi	r19, 0x00	; 0
 122:	30 93 1b 01 	sts	0x011B, r19	; 0x80011b <__data_end+0x9>
 126:	20 93 1a 01 	sts	0x011A, r18	; 0x80011a <__data_end+0x8>
 12a:	22 e6       	ldi	r18, 0x62	; 98
 12c:	30 e0       	ldi	r19, 0x00	; 0
 12e:	30 93 1d 01 	sts	0x011D, r19	; 0x80011d <__data_end+0xb>
 132:	20 93 1c 01 	sts	0x011C, r18	; 0x80011c <__data_end+0xa>
 136:	23 e0       	ldi	r18, 0x03	; 3
 138:	20 93 15 01 	sts	0x0115, r18	; 0x800115 <__data_end+0x3>
 13c:	10 92 1f 01 	sts	0x011F, r1	; 0x80011f <__data_end+0xd>
 140:	10 92 1e 01 	sts	0x011E, r1	; 0x80011e <__data_end+0xc>
  stdin = stdout = stderr = &uart_file;
 144:	90 93 25 01 	sts	0x0125, r25	; 0x800125 <__iob+0x5>
 148:	80 93 24 01 	sts	0x0124, r24	; 0x800124 <__iob+0x4>
 14c:	90 93 23 01 	sts	0x0123, r25	; 0x800123 <__iob+0x3>
 150:	80 93 22 01 	sts	0x0122, r24	; 0x800122 <__iob+0x2>
 154:	90 93 21 01 	sts	0x0121, r25	; 0x800121 <__iob+0x1>
 158:	80 93 20 01 	sts	0x0120, r24	; 0x800120 <__iob>
  // program testowy
  printf("Hello world!\r\n");
 15c:	80 e0       	ldi	r24, 0x00	; 0
 15e:	91 e0       	ldi	r25, 0x01	; 1
 160:	0e 94 db 00 	call	0x1b6	; 0x1b6 <puts>
 164:	ce 01       	movw	r24, r28
 166:	01 96       	adiw	r24, 0x01	; 1
 168:	6c 01       	movw	r12, r24
  while(1) {
    int16_t a = 1;
 16a:	ee 24       	eor	r14, r14
 16c:	e3 94       	inc	r14
 16e:	f1 2c       	mov	r15, r1
    scanf("%"SCNd16, &a);
 170:	0e e0       	ldi	r16, 0x0E	; 14
 172:	11 e0       	ldi	r17, 0x01	; 1
  fdev_setup_stream(&uart_file, uart_transmit, uart_receive, _FDEV_SETUP_RW);
  stdin = stdout = stderr = &uart_file;
  // program testowy
  printf("Hello world!\r\n");
  while(1) {
    int16_t a = 1;
 174:	fa 82       	std	Y+2, r15	; 0x02
 176:	e9 82       	std	Y+1, r14	; 0x01
    scanf("%"SCNd16, &a);
 178:	df 92       	push	r13
 17a:	cf 92       	push	r12
 17c:	1f 93       	push	r17
 17e:	0f 93       	push	r16
 180:	0e 94 0b 01 	call	0x216	; 0x216 <scanf>
    LED_PORT |= _BV(LED);
 184:	2d 9a       	sbi	0x05, 5	; 5
	#else
		//round up by default
		__ticks_dc = (uint32_t)(ceil(fabs(__tmp)));
	#endif

	__builtin_avr_delay_cycles(__ticks_dc);
 186:	9f ef       	ldi	r25, 0xFF	; 255
 188:	23 ed       	ldi	r18, 0xD3	; 211
 18a:	80 e3       	ldi	r24, 0x30	; 48
 18c:	91 50       	subi	r25, 0x01	; 1
 18e:	20 40       	sbci	r18, 0x00	; 0
 190:	80 40       	sbci	r24, 0x00	; 0
 192:	e1 f7       	brne	.-8      	; 0x18c <main+0x9a>
 194:	00 c0       	rjmp	.+0      	; 0x196 <main+0xa4>
 196:	00 00       	nop
    _delay_ms(1000);
    LED_PORT &= ~_BV(LED);
 198:	2d 98       	cbi	0x05, 5	; 5
 19a:	9f ef       	ldi	r25, 0xFF	; 255
 19c:	23 ed       	ldi	r18, 0xD3	; 211
 19e:	80 e3       	ldi	r24, 0x30	; 48
 1a0:	91 50       	subi	r25, 0x01	; 1
 1a2:	20 40       	sbci	r18, 0x00	; 0
 1a4:	80 40       	sbci	r24, 0x00	; 0
 1a6:	e1 f7       	brne	.-8      	; 0x1a0 <main+0xae>
 1a8:	00 c0       	rjmp	.+0      	; 0x1aa <main+0xb8>
 1aa:	00 00       	nop
 1ac:	0f 90       	pop	r0
 1ae:	0f 90       	pop	r0
 1b0:	0f 90       	pop	r0
 1b2:	0f 90       	pop	r0
 1b4:	df cf       	rjmp	.-66     	; 0x174 <main+0x82>

000001b6 <puts>:
 1b6:	0f 93       	push	r16
 1b8:	1f 93       	push	r17
 1ba:	cf 93       	push	r28
 1bc:	df 93       	push	r29
 1be:	e0 91 22 01 	lds	r30, 0x0122	; 0x800122 <__iob+0x2>
 1c2:	f0 91 23 01 	lds	r31, 0x0123	; 0x800123 <__iob+0x3>
 1c6:	23 81       	ldd	r18, Z+3	; 0x03
 1c8:	21 ff       	sbrs	r18, 1
 1ca:	1b c0       	rjmp	.+54     	; 0x202 <puts+0x4c>
 1cc:	8c 01       	movw	r16, r24
 1ce:	d0 e0       	ldi	r29, 0x00	; 0
 1d0:	c0 e0       	ldi	r28, 0x00	; 0
 1d2:	f8 01       	movw	r30, r16
 1d4:	81 91       	ld	r24, Z+
 1d6:	8f 01       	movw	r16, r30
 1d8:	60 91 22 01 	lds	r22, 0x0122	; 0x800122 <__iob+0x2>
 1dc:	70 91 23 01 	lds	r23, 0x0123	; 0x800123 <__iob+0x3>
 1e0:	db 01       	movw	r26, r22
 1e2:	18 96       	adiw	r26, 0x08	; 8
 1e4:	ed 91       	ld	r30, X+
 1e6:	fc 91       	ld	r31, X
 1e8:	19 97       	sbiw	r26, 0x09	; 9
 1ea:	88 23       	and	r24, r24
 1ec:	31 f0       	breq	.+12     	; 0x1fa <puts+0x44>
 1ee:	09 95       	icall
 1f0:	89 2b       	or	r24, r25
 1f2:	79 f3       	breq	.-34     	; 0x1d2 <puts+0x1c>
 1f4:	df ef       	ldi	r29, 0xFF	; 255
 1f6:	cf ef       	ldi	r28, 0xFF	; 255
 1f8:	ec cf       	rjmp	.-40     	; 0x1d2 <puts+0x1c>
 1fa:	8a e0       	ldi	r24, 0x0A	; 10
 1fc:	09 95       	icall
 1fe:	89 2b       	or	r24, r25
 200:	19 f0       	breq	.+6      	; 0x208 <puts+0x52>
 202:	8f ef       	ldi	r24, 0xFF	; 255
 204:	9f ef       	ldi	r25, 0xFF	; 255
 206:	02 c0       	rjmp	.+4      	; 0x20c <puts+0x56>
 208:	8d 2f       	mov	r24, r29
 20a:	9c 2f       	mov	r25, r28
 20c:	df 91       	pop	r29
 20e:	cf 91       	pop	r28
 210:	1f 91       	pop	r17
 212:	0f 91       	pop	r16
 214:	08 95       	ret

00000216 <scanf>:
 216:	a0 e0       	ldi	r26, 0x00	; 0
 218:	b0 e0       	ldi	r27, 0x00	; 0
 21a:	e1 e1       	ldi	r30, 0x11	; 17
 21c:	f1 e0       	ldi	r31, 0x01	; 1
 21e:	0c 94 4c 04 	jmp	0x898	; 0x898 <__prologue_saves__+0x20>
 222:	ae 01       	movw	r20, r28
 224:	4b 5f       	subi	r20, 0xFB	; 251
 226:	5f 4f       	sbci	r21, 0xFF	; 255
 228:	fa 01       	movw	r30, r20
 22a:	61 91       	ld	r22, Z+
 22c:	71 91       	ld	r23, Z+
 22e:	af 01       	movw	r20, r30
 230:	80 91 20 01 	lds	r24, 0x0120	; 0x800120 <__iob>
 234:	90 91 21 01 	lds	r25, 0x0121	; 0x800121 <__iob+0x1>
 238:	0e 94 bd 02 	call	0x57a	; 0x57a <vfscanf>
 23c:	e2 e0       	ldi	r30, 0x02	; 2
 23e:	0c 94 68 04 	jmp	0x8d0	; 0x8d0 <__epilogue_restores__+0x20>

00000242 <putval>:
 242:	20 fd       	sbrc	r18, 0
 244:	09 c0       	rjmp	.+18     	; 0x258 <putval+0x16>
 246:	fc 01       	movw	r30, r24
 248:	23 fd       	sbrc	r18, 3
 24a:	05 c0       	rjmp	.+10     	; 0x256 <putval+0x14>
 24c:	22 ff       	sbrs	r18, 2
 24e:	02 c0       	rjmp	.+4      	; 0x254 <putval+0x12>
 250:	73 83       	std	Z+3, r23	; 0x03
 252:	62 83       	std	Z+2, r22	; 0x02
 254:	51 83       	std	Z+1, r21	; 0x01
 256:	40 83       	st	Z, r20
 258:	08 95       	ret

0000025a <mulacc>:
 25a:	44 fd       	sbrc	r20, 4
 25c:	17 c0       	rjmp	.+46     	; 0x28c <mulacc+0x32>
 25e:	46 fd       	sbrc	r20, 6
 260:	17 c0       	rjmp	.+46     	; 0x290 <mulacc+0x36>
 262:	ab 01       	movw	r20, r22
 264:	bc 01       	movw	r22, r24
 266:	da 01       	movw	r26, r20
 268:	fb 01       	movw	r30, r22
 26a:	aa 0f       	add	r26, r26
 26c:	bb 1f       	adc	r27, r27
 26e:	ee 1f       	adc	r30, r30
 270:	ff 1f       	adc	r31, r31
 272:	10 94       	com	r1
 274:	d1 f7       	brne	.-12     	; 0x26a <mulacc+0x10>
 276:	4a 0f       	add	r20, r26
 278:	5b 1f       	adc	r21, r27
 27a:	6e 1f       	adc	r22, r30
 27c:	7f 1f       	adc	r23, r31
 27e:	cb 01       	movw	r24, r22
 280:	ba 01       	movw	r22, r20
 282:	66 0f       	add	r22, r22
 284:	77 1f       	adc	r23, r23
 286:	88 1f       	adc	r24, r24
 288:	99 1f       	adc	r25, r25
 28a:	09 c0       	rjmp	.+18     	; 0x29e <mulacc+0x44>
 28c:	33 e0       	ldi	r19, 0x03	; 3
 28e:	01 c0       	rjmp	.+2      	; 0x292 <mulacc+0x38>
 290:	34 e0       	ldi	r19, 0x04	; 4
 292:	66 0f       	add	r22, r22
 294:	77 1f       	adc	r23, r23
 296:	88 1f       	adc	r24, r24
 298:	99 1f       	adc	r25, r25
 29a:	31 50       	subi	r19, 0x01	; 1
 29c:	d1 f7       	brne	.-12     	; 0x292 <mulacc+0x38>
 29e:	62 0f       	add	r22, r18
 2a0:	71 1d       	adc	r23, r1
 2a2:	81 1d       	adc	r24, r1
 2a4:	91 1d       	adc	r25, r1
 2a6:	08 95       	ret

000002a8 <skip_spaces>:
 2a8:	0f 93       	push	r16
 2aa:	1f 93       	push	r17
 2ac:	cf 93       	push	r28
 2ae:	df 93       	push	r29
 2b0:	8c 01       	movw	r16, r24
 2b2:	c8 01       	movw	r24, r16
 2b4:	0e 94 e2 03 	call	0x7c4	; 0x7c4 <fgetc>
 2b8:	ec 01       	movw	r28, r24
 2ba:	97 fd       	sbrc	r25, 7
 2bc:	08 c0       	rjmp	.+16     	; 0x2ce <skip_spaces+0x26>
 2be:	0e 94 ce 03 	call	0x79c	; 0x79c <isspace>
 2c2:	89 2b       	or	r24, r25
 2c4:	b1 f7       	brne	.-20     	; 0x2b2 <skip_spaces+0xa>
 2c6:	b8 01       	movw	r22, r16
 2c8:	ce 01       	movw	r24, r28
 2ca:	0e 94 20 04 	call	0x840	; 0x840 <ungetc>
 2ce:	ce 01       	movw	r24, r28
 2d0:	df 91       	pop	r29
 2d2:	cf 91       	pop	r28
 2d4:	1f 91       	pop	r17
 2d6:	0f 91       	pop	r16
 2d8:	08 95       	ret

000002da <conv_int>:
 2da:	8f 92       	push	r8
 2dc:	9f 92       	push	r9
 2de:	af 92       	push	r10
 2e0:	bf 92       	push	r11
 2e2:	ef 92       	push	r14
 2e4:	ff 92       	push	r15
 2e6:	0f 93       	push	r16
 2e8:	1f 93       	push	r17
 2ea:	cf 93       	push	r28
 2ec:	df 93       	push	r29
 2ee:	8c 01       	movw	r16, r24
 2f0:	d6 2f       	mov	r29, r22
 2f2:	7a 01       	movw	r14, r20
 2f4:	b2 2e       	mov	r11, r18
 2f6:	0e 94 e2 03 	call	0x7c4	; 0x7c4 <fgetc>
 2fa:	9c 01       	movw	r18, r24
 2fc:	33 27       	eor	r19, r19
 2fe:	2b 32       	cpi	r18, 0x2B	; 43
 300:	31 05       	cpc	r19, r1
 302:	31 f0       	breq	.+12     	; 0x310 <conv_int+0x36>
 304:	2d 32       	cpi	r18, 0x2D	; 45
 306:	31 05       	cpc	r19, r1
 308:	61 f4       	brne	.+24     	; 0x322 <conv_int+0x48>
 30a:	8b 2d       	mov	r24, r11
 30c:	80 68       	ori	r24, 0x80	; 128
 30e:	b8 2e       	mov	r11, r24
 310:	d1 50       	subi	r29, 0x01	; 1
 312:	11 f4       	brne	.+4      	; 0x318 <conv_int+0x3e>
 314:	80 e0       	ldi	r24, 0x00	; 0
 316:	68 c0       	rjmp	.+208    	; 0x3e8 <conv_int+0x10e>
 318:	c8 01       	movw	r24, r16
 31a:	0e 94 e2 03 	call	0x7c4	; 0x7c4 <fgetc>
 31e:	97 fd       	sbrc	r25, 7
 320:	f9 cf       	rjmp	.-14     	; 0x314 <conv_int+0x3a>
 322:	cb 2d       	mov	r28, r11
 324:	cd 7f       	andi	r28, 0xFD	; 253
 326:	2b 2d       	mov	r18, r11
 328:	20 73       	andi	r18, 0x30	; 48
 32a:	09 f5       	brne	.+66     	; 0x36e <conv_int+0x94>
 32c:	80 33       	cpi	r24, 0x30	; 48
 32e:	f9 f4       	brne	.+62     	; 0x36e <conv_int+0x94>
 330:	aa 24       	eor	r10, r10
 332:	aa 94       	dec	r10
 334:	ad 0e       	add	r10, r29
 336:	09 f4       	brne	.+2      	; 0x33a <conv_int+0x60>
 338:	43 c0       	rjmp	.+134    	; 0x3c0 <conv_int+0xe6>
 33a:	c8 01       	movw	r24, r16
 33c:	0e 94 e2 03 	call	0x7c4	; 0x7c4 <fgetc>
 340:	97 fd       	sbrc	r25, 7
 342:	3e c0       	rjmp	.+124    	; 0x3c0 <conv_int+0xe6>
 344:	9c 01       	movw	r18, r24
 346:	2f 7d       	andi	r18, 0xDF	; 223
 348:	33 27       	eor	r19, r19
 34a:	28 35       	cpi	r18, 0x58	; 88
 34c:	31 05       	cpc	r19, r1
 34e:	49 f4       	brne	.+18     	; 0x362 <conv_int+0x88>
 350:	c2 64       	ori	r28, 0x42	; 66
 352:	d2 50       	subi	r29, 0x02	; 2
 354:	a9 f1       	breq	.+106    	; 0x3c0 <conv_int+0xe6>
 356:	c8 01       	movw	r24, r16
 358:	0e 94 e2 03 	call	0x7c4	; 0x7c4 <fgetc>
 35c:	97 ff       	sbrs	r25, 7
 35e:	07 c0       	rjmp	.+14     	; 0x36e <conv_int+0x94>
 360:	2f c0       	rjmp	.+94     	; 0x3c0 <conv_int+0xe6>
 362:	b6 fe       	sbrs	r11, 6
 364:	02 c0       	rjmp	.+4      	; 0x36a <conv_int+0x90>
 366:	c2 60       	ori	r28, 0x02	; 2
 368:	01 c0       	rjmp	.+2      	; 0x36c <conv_int+0x92>
 36a:	c2 61       	ori	r28, 0x12	; 18
 36c:	da 2d       	mov	r29, r10
 36e:	81 2c       	mov	r8, r1
 370:	91 2c       	mov	r9, r1
 372:	54 01       	movw	r10, r8
 374:	20 ed       	ldi	r18, 0xD0	; 208
 376:	28 0f       	add	r18, r24
 378:	28 30       	cpi	r18, 0x08	; 8
 37a:	80 f0       	brcs	.+32     	; 0x39c <conv_int+0xc2>
 37c:	c4 ff       	sbrs	r28, 4
 37e:	04 c0       	rjmp	.+8      	; 0x388 <conv_int+0xae>
 380:	b8 01       	movw	r22, r16
 382:	0e 94 20 04 	call	0x840	; 0x840 <ungetc>
 386:	19 c0       	rjmp	.+50     	; 0x3ba <conv_int+0xe0>
 388:	2a 30       	cpi	r18, 0x0A	; 10
 38a:	40 f0       	brcs	.+16     	; 0x39c <conv_int+0xc2>
 38c:	c6 ff       	sbrs	r28, 6
 38e:	f8 cf       	rjmp	.-16     	; 0x380 <conv_int+0xa6>
 390:	2f 7d       	andi	r18, 0xDF	; 223
 392:	3f ee       	ldi	r19, 0xEF	; 239
 394:	32 0f       	add	r19, r18
 396:	36 30       	cpi	r19, 0x06	; 6
 398:	98 f7       	brcc	.-26     	; 0x380 <conv_int+0xa6>
 39a:	27 50       	subi	r18, 0x07	; 7
 39c:	4c 2f       	mov	r20, r28
 39e:	c5 01       	movw	r24, r10
 3a0:	b4 01       	movw	r22, r8
 3a2:	0e 94 2d 01 	call	0x25a	; 0x25a <mulacc>
 3a6:	4b 01       	movw	r8, r22
 3a8:	5c 01       	movw	r10, r24
 3aa:	c2 60       	ori	r28, 0x02	; 2
 3ac:	d1 50       	subi	r29, 0x01	; 1
 3ae:	59 f0       	breq	.+22     	; 0x3c6 <conv_int+0xec>
 3b0:	c8 01       	movw	r24, r16
 3b2:	0e 94 e2 03 	call	0x7c4	; 0x7c4 <fgetc>
 3b6:	97 ff       	sbrs	r25, 7
 3b8:	dd cf       	rjmp	.-70     	; 0x374 <conv_int+0x9a>
 3ba:	c1 fd       	sbrc	r28, 1
 3bc:	04 c0       	rjmp	.+8      	; 0x3c6 <conv_int+0xec>
 3be:	aa cf       	rjmp	.-172    	; 0x314 <conv_int+0x3a>
 3c0:	81 2c       	mov	r8, r1
 3c2:	91 2c       	mov	r9, r1
 3c4:	54 01       	movw	r10, r8
 3c6:	c7 ff       	sbrs	r28, 7
 3c8:	08 c0       	rjmp	.+16     	; 0x3da <conv_int+0x100>
 3ca:	b0 94       	com	r11
 3cc:	a0 94       	com	r10
 3ce:	90 94       	com	r9
 3d0:	80 94       	com	r8
 3d2:	81 1c       	adc	r8, r1
 3d4:	91 1c       	adc	r9, r1
 3d6:	a1 1c       	adc	r10, r1
 3d8:	b1 1c       	adc	r11, r1
 3da:	2c 2f       	mov	r18, r28
 3dc:	b5 01       	movw	r22, r10
 3de:	a4 01       	movw	r20, r8
 3e0:	c7 01       	movw	r24, r14
 3e2:	0e 94 21 01 	call	0x242	; 0x242 <putval>
 3e6:	81 e0       	ldi	r24, 0x01	; 1
 3e8:	df 91       	pop	r29
 3ea:	cf 91       	pop	r28
 3ec:	1f 91       	pop	r17
 3ee:	0f 91       	pop	r16
 3f0:	ff 90       	pop	r15
 3f2:	ef 90       	pop	r14
 3f4:	bf 90       	pop	r11
 3f6:	af 90       	pop	r10
 3f8:	9f 90       	pop	r9
 3fa:	8f 90       	pop	r8
 3fc:	08 95       	ret

000003fe <conv_brk>:
 3fe:	a0 e2       	ldi	r26, 0x20	; 32
 400:	b0 e0       	ldi	r27, 0x00	; 0
 402:	e5 e0       	ldi	r30, 0x05	; 5
 404:	f2 e0       	ldi	r31, 0x02	; 2
 406:	0c 94 3f 04 	jmp	0x87e	; 0x87e <__prologue_saves__+0x6>
 40a:	5c 01       	movw	r10, r24
 40c:	96 2e       	mov	r9, r22
 40e:	7a 01       	movw	r14, r20
 410:	f9 01       	movw	r30, r18
 412:	8e 01       	movw	r16, r28
 414:	0f 5f       	subi	r16, 0xFF	; 255
 416:	1f 4f       	sbci	r17, 0xFF	; 255
 418:	68 01       	movw	r12, r16
 41a:	80 e2       	ldi	r24, 0x20	; 32
 41c:	d8 01       	movw	r26, r16
 41e:	1d 92       	st	X+, r1
 420:	8a 95       	dec	r24
 422:	e9 f7       	brne	.-6      	; 0x41e <__LOCK_REGION_LENGTH__+0x1e>
 424:	d5 01       	movw	r26, r10
 426:	13 96       	adiw	r26, 0x03	; 3
 428:	8c 90       	ld	r8, X
 42a:	80 e0       	ldi	r24, 0x00	; 0
 42c:	90 e0       	ldi	r25, 0x00	; 0
 42e:	61 2c       	mov	r6, r1
 430:	71 2c       	mov	r7, r1
 432:	30 e0       	ldi	r19, 0x00	; 0
 434:	61 e0       	ldi	r22, 0x01	; 1
 436:	70 e0       	ldi	r23, 0x00	; 0
 438:	83 fc       	sbrc	r8, 3
 43a:	25 91       	lpm	r18, Z+
 43c:	83 fe       	sbrs	r8, 3
 43e:	21 91       	ld	r18, Z+
 440:	8f 01       	movw	r16, r30
 442:	52 2e       	mov	r5, r18
 444:	21 11       	cpse	r18, r1
 446:	03 c0       	rjmp	.+6      	; 0x44e <__LOCK_REGION_LENGTH__+0x4e>
 448:	80 e0       	ldi	r24, 0x00	; 0
 44a:	90 e0       	ldi	r25, 0x00	; 0
 44c:	92 c0       	rjmp	.+292    	; 0x572 <__LOCK_REGION_LENGTH__+0x172>
 44e:	2e 35       	cpi	r18, 0x5E	; 94
 450:	11 f4       	brne	.+4      	; 0x456 <__LOCK_REGION_LENGTH__+0x56>
 452:	00 97       	sbiw	r24, 0x00	; 0
 454:	51 f1       	breq	.+84     	; 0x4aa <__LOCK_REGION_LENGTH__+0xaa>
 456:	43 2f       	mov	r20, r19
 458:	50 e0       	ldi	r21, 0x00	; 0
 45a:	48 17       	cp	r20, r24
 45c:	59 07       	cpc	r21, r25
 45e:	3c f4       	brge	.+14     	; 0x46e <__LOCK_REGION_LENGTH__+0x6e>
 460:	2d 35       	cpi	r18, 0x5D	; 93
 462:	59 f1       	breq	.+86     	; 0x4ba <__LOCK_REGION_LENGTH__+0xba>
 464:	2d 32       	cpi	r18, 0x2D	; 45
 466:	19 f4       	brne	.+6      	; 0x46e <__LOCK_REGION_LENGTH__+0x6e>
 468:	77 20       	and	r7, r7
 46a:	09 f1       	breq	.+66     	; 0x4ae <__LOCK_REGION_LENGTH__+0xae>
 46c:	03 c0       	rjmp	.+6      	; 0x474 <__LOCK_REGION_LENGTH__+0x74>
 46e:	77 20       	and	r7, r7
 470:	09 f4       	brne	.+2      	; 0x474 <__LOCK_REGION_LENGTH__+0x74>
 472:	6a c0       	rjmp	.+212    	; 0x548 <__LOCK_REGION_LENGTH__+0x148>
 474:	45 2d       	mov	r20, r5
 476:	46 95       	lsr	r20
 478:	46 95       	lsr	r20
 47a:	46 95       	lsr	r20
 47c:	d6 01       	movw	r26, r12
 47e:	a4 0f       	add	r26, r20
 480:	b1 1d       	adc	r27, r1
 482:	45 2d       	mov	r20, r5
 484:	47 70       	andi	r20, 0x07	; 7
 486:	8b 01       	movw	r16, r22
 488:	02 c0       	rjmp	.+4      	; 0x48e <__LOCK_REGION_LENGTH__+0x8e>
 48a:	00 0f       	add	r16, r16
 48c:	11 1f       	adc	r17, r17
 48e:	4a 95       	dec	r20
 490:	e2 f7       	brpl	.-8      	; 0x48a <__LOCK_REGION_LENGTH__+0x8a>
 492:	a8 01       	movw	r20, r16
 494:	5c 91       	ld	r21, X
 496:	45 2b       	or	r20, r21
 498:	4c 93       	st	X, r20
 49a:	65 14       	cp	r6, r5
 49c:	59 f0       	breq	.+22     	; 0x4b4 <__LOCK_REGION_LENGTH__+0xb4>
 49e:	56 14       	cp	r5, r6
 4a0:	10 f4       	brcc	.+4      	; 0x4a6 <__LOCK_REGION_LENGTH__+0xa6>
 4a2:	53 94       	inc	r5
 4a4:	e7 cf       	rjmp	.-50     	; 0x474 <__LOCK_REGION_LENGTH__+0x74>
 4a6:	5a 94       	dec	r5
 4a8:	e5 cf       	rjmp	.-54     	; 0x474 <__LOCK_REGION_LENGTH__+0x74>
 4aa:	31 e0       	ldi	r19, 0x01	; 1
 4ac:	04 c0       	rjmp	.+8      	; 0x4b6 <__LOCK_REGION_LENGTH__+0xb6>
 4ae:	77 24       	eor	r7, r7
 4b0:	73 94       	inc	r7
 4b2:	01 c0       	rjmp	.+2      	; 0x4b6 <__LOCK_REGION_LENGTH__+0xb6>
 4b4:	71 2c       	mov	r7, r1
 4b6:	01 96       	adiw	r24, 0x01	; 1
 4b8:	bf cf       	rjmp	.-130    	; 0x438 <__LOCK_REGION_LENGTH__+0x38>
 4ba:	77 20       	and	r7, r7
 4bc:	19 f0       	breq	.+6      	; 0x4c4 <__LOCK_REGION_LENGTH__+0xc4>
 4be:	8e 81       	ldd	r24, Y+6	; 0x06
 4c0:	80 62       	ori	r24, 0x20	; 32
 4c2:	8e 83       	std	Y+6, r24	; 0x06
 4c4:	31 11       	cpse	r19, r1
 4c6:	03 c0       	rjmp	.+6      	; 0x4ce <__LOCK_REGION_LENGTH__+0xce>
 4c8:	88 24       	eor	r8, r8
 4ca:	83 94       	inc	r8
 4cc:	17 c0       	rjmp	.+46     	; 0x4fc <__LOCK_REGION_LENGTH__+0xfc>
 4ce:	f6 01       	movw	r30, r12
 4d0:	9e 01       	movw	r18, r28
 4d2:	2f 5d       	subi	r18, 0xDF	; 223
 4d4:	3f 4f       	sbci	r19, 0xFF	; 255
 4d6:	80 81       	ld	r24, Z
 4d8:	80 95       	com	r24
 4da:	81 93       	st	Z+, r24
 4dc:	2e 17       	cp	r18, r30
 4de:	3f 07       	cpc	r19, r31
 4e0:	d1 f7       	brne	.-12     	; 0x4d6 <__LOCK_REGION_LENGTH__+0xd6>
 4e2:	f2 cf       	rjmp	.-28     	; 0x4c8 <__LOCK_REGION_LENGTH__+0xc8>
 4e4:	e1 14       	cp	r14, r1
 4e6:	f1 04       	cpc	r15, r1
 4e8:	29 f0       	breq	.+10     	; 0x4f4 <__LOCK_REGION_LENGTH__+0xf4>
 4ea:	d7 01       	movw	r26, r14
 4ec:	8c 93       	st	X, r24
 4ee:	f7 01       	movw	r30, r14
 4f0:	31 96       	adiw	r30, 0x01	; 1
 4f2:	7f 01       	movw	r14, r30
 4f4:	9a 94       	dec	r9
 4f6:	81 2c       	mov	r8, r1
 4f8:	99 20       	and	r9, r9
 4fa:	f9 f0       	breq	.+62     	; 0x53a <__LOCK_REGION_LENGTH__+0x13a>
 4fc:	c5 01       	movw	r24, r10
 4fe:	0e 94 e2 03 	call	0x7c4	; 0x7c4 <fgetc>
 502:	97 fd       	sbrc	r25, 7
 504:	18 c0       	rjmp	.+48     	; 0x536 <__LOCK_REGION_LENGTH__+0x136>
 506:	fc 01       	movw	r30, r24
 508:	ff 27       	eor	r31, r31
 50a:	23 e0       	ldi	r18, 0x03	; 3
 50c:	f5 95       	asr	r31
 50e:	e7 95       	ror	r30
 510:	2a 95       	dec	r18
 512:	e1 f7       	brne	.-8      	; 0x50c <__LOCK_REGION_LENGTH__+0x10c>
 514:	ec 0d       	add	r30, r12
 516:	fd 1d       	adc	r31, r13
 518:	20 81       	ld	r18, Z
 51a:	30 e0       	ldi	r19, 0x00	; 0
 51c:	ac 01       	movw	r20, r24
 51e:	47 70       	andi	r20, 0x07	; 7
 520:	55 27       	eor	r21, r21
 522:	02 c0       	rjmp	.+4      	; 0x528 <__LOCK_REGION_LENGTH__+0x128>
 524:	35 95       	asr	r19
 526:	27 95       	ror	r18
 528:	4a 95       	dec	r20
 52a:	e2 f7       	brpl	.-8      	; 0x524 <__LOCK_REGION_LENGTH__+0x124>
 52c:	20 fd       	sbrc	r18, 0
 52e:	da cf       	rjmp	.-76     	; 0x4e4 <__LOCK_REGION_LENGTH__+0xe4>
 530:	b5 01       	movw	r22, r10
 532:	0e 94 20 04 	call	0x840	; 0x840 <ungetc>
 536:	81 10       	cpse	r8, r1
 538:	87 cf       	rjmp	.-242    	; 0x448 <__LOCK_REGION_LENGTH__+0x48>
 53a:	e1 14       	cp	r14, r1
 53c:	f1 04       	cpc	r15, r1
 53e:	11 f0       	breq	.+4      	; 0x544 <__LOCK_REGION_LENGTH__+0x144>
 540:	d7 01       	movw	r26, r14
 542:	1c 92       	st	X, r1
 544:	c8 01       	movw	r24, r16
 546:	15 c0       	rjmp	.+42     	; 0x572 <__LOCK_REGION_LENGTH__+0x172>
 548:	42 2f       	mov	r20, r18
 54a:	46 95       	lsr	r20
 54c:	46 95       	lsr	r20
 54e:	46 95       	lsr	r20
 550:	d6 01       	movw	r26, r12
 552:	a4 0f       	add	r26, r20
 554:	b1 1d       	adc	r27, r1
 556:	42 2f       	mov	r20, r18
 558:	47 70       	andi	r20, 0x07	; 7
 55a:	8b 01       	movw	r16, r22
 55c:	02 c0       	rjmp	.+4      	; 0x562 <__LOCK_REGION_LENGTH__+0x162>
 55e:	00 0f       	add	r16, r16
 560:	11 1f       	adc	r17, r17
 562:	4a 95       	dec	r20
 564:	e2 f7       	brpl	.-8      	; 0x55e <__LOCK_REGION_LENGTH__+0x15e>
 566:	a8 01       	movw	r20, r16
 568:	5c 91       	ld	r21, X
 56a:	45 2b       	or	r20, r21
 56c:	4c 93       	st	X, r20
 56e:	62 2e       	mov	r6, r18
 570:	a2 cf       	rjmp	.-188    	; 0x4b6 <__LOCK_REGION_LENGTH__+0xb6>
 572:	a0 96       	adiw	r28, 0x20	; 32
 574:	ef e0       	ldi	r30, 0x0F	; 15
 576:	0c 94 5b 04 	jmp	0x8b6	; 0x8b6 <__epilogue_restores__+0x6>

0000057a <vfscanf>:
 57a:	a0 e0       	ldi	r26, 0x00	; 0
 57c:	b0 e0       	ldi	r27, 0x00	; 0
 57e:	e3 ec       	ldi	r30, 0xC3	; 195
 580:	f2 e0       	ldi	r31, 0x02	; 2
 582:	0c 94 3f 04 	jmp	0x87e	; 0x87e <__prologue_saves__+0x6>
 586:	6c 01       	movw	r12, r24
 588:	eb 01       	movw	r28, r22
 58a:	5a 01       	movw	r10, r20
 58c:	fc 01       	movw	r30, r24
 58e:	17 82       	std	Z+7, r1	; 0x07
 590:	16 82       	std	Z+6, r1	; 0x06
 592:	51 2c       	mov	r5, r1
 594:	f6 01       	movw	r30, r12
 596:	e3 80       	ldd	r14, Z+3	; 0x03
 598:	fe 01       	movw	r30, r28
 59a:	e3 fc       	sbrc	r14, 3
 59c:	85 91       	lpm	r24, Z+
 59e:	e3 fe       	sbrs	r14, 3
 5a0:	81 91       	ld	r24, Z+
 5a2:	18 2f       	mov	r17, r24
 5a4:	ef 01       	movw	r28, r30
 5a6:	88 23       	and	r24, r24
 5a8:	09 f4       	brne	.+2      	; 0x5ac <vfscanf+0x32>
 5aa:	ee c0       	rjmp	.+476    	; 0x788 <vfscanf+0x20e>
 5ac:	90 e0       	ldi	r25, 0x00	; 0
 5ae:	0e 94 ce 03 	call	0x79c	; 0x79c <isspace>
 5b2:	89 2b       	or	r24, r25
 5b4:	21 f0       	breq	.+8      	; 0x5be <vfscanf+0x44>
 5b6:	c6 01       	movw	r24, r12
 5b8:	0e 94 54 01 	call	0x2a8	; 0x2a8 <skip_spaces>
 5bc:	eb cf       	rjmp	.-42     	; 0x594 <vfscanf+0x1a>
 5be:	15 32       	cpi	r17, 0x25	; 37
 5c0:	41 f4       	brne	.+16     	; 0x5d2 <vfscanf+0x58>
 5c2:	fe 01       	movw	r30, r28
 5c4:	e3 fc       	sbrc	r14, 3
 5c6:	15 91       	lpm	r17, Z+
 5c8:	e3 fe       	sbrs	r14, 3
 5ca:	11 91       	ld	r17, Z+
 5cc:	ef 01       	movw	r28, r30
 5ce:	15 32       	cpi	r17, 0x25	; 37
 5d0:	81 f4       	brne	.+32     	; 0x5f2 <vfscanf+0x78>
 5d2:	c6 01       	movw	r24, r12
 5d4:	0e 94 e2 03 	call	0x7c4	; 0x7c4 <fgetc>
 5d8:	97 fd       	sbrc	r25, 7
 5da:	d4 c0       	rjmp	.+424    	; 0x784 <vfscanf+0x20a>
 5dc:	41 2f       	mov	r20, r17
 5de:	50 e0       	ldi	r21, 0x00	; 0
 5e0:	9c 01       	movw	r18, r24
 5e2:	33 27       	eor	r19, r19
 5e4:	24 17       	cp	r18, r20
 5e6:	35 07       	cpc	r19, r21
 5e8:	a9 f2       	breq	.-86     	; 0x594 <vfscanf+0x1a>
 5ea:	b6 01       	movw	r22, r12
 5ec:	0e 94 20 04 	call	0x840	; 0x840 <ungetc>
 5f0:	cb c0       	rjmp	.+406    	; 0x788 <vfscanf+0x20e>
 5f2:	1a 32       	cpi	r17, 0x2A	; 42
 5f4:	39 f4       	brne	.+14     	; 0x604 <vfscanf+0x8a>
 5f6:	e3 fc       	sbrc	r14, 3
 5f8:	15 91       	lpm	r17, Z+
 5fa:	e3 fe       	sbrs	r14, 3
 5fc:	11 91       	ld	r17, Z+
 5fe:	ef 01       	movw	r28, r30
 600:	01 e0       	ldi	r16, 0x01	; 1
 602:	01 c0       	rjmp	.+2      	; 0x606 <vfscanf+0x8c>
 604:	00 e0       	ldi	r16, 0x00	; 0
 606:	f1 2c       	mov	r15, r1
 608:	20 ed       	ldi	r18, 0xD0	; 208
 60a:	21 0f       	add	r18, r17
 60c:	2a 30       	cpi	r18, 0x0A	; 10
 60e:	80 f4       	brcc	.+32     	; 0x630 <vfscanf+0xb6>
 610:	02 60       	ori	r16, 0x02	; 2
 612:	6f 2d       	mov	r22, r15
 614:	70 e0       	ldi	r23, 0x00	; 0
 616:	80 e0       	ldi	r24, 0x00	; 0
 618:	90 e0       	ldi	r25, 0x00	; 0
 61a:	40 e2       	ldi	r20, 0x20	; 32
 61c:	0e 94 2d 01 	call	0x25a	; 0x25a <mulacc>
 620:	f6 2e       	mov	r15, r22
 622:	fe 01       	movw	r30, r28
 624:	e3 fc       	sbrc	r14, 3
 626:	15 91       	lpm	r17, Z+
 628:	e3 fe       	sbrs	r14, 3
 62a:	11 91       	ld	r17, Z+
 62c:	ef 01       	movw	r28, r30
 62e:	ec cf       	rjmp	.-40     	; 0x608 <vfscanf+0x8e>
 630:	01 ff       	sbrs	r16, 1
 632:	03 c0       	rjmp	.+6      	; 0x63a <vfscanf+0xc0>
 634:	f1 10       	cpse	r15, r1
 636:	03 c0       	rjmp	.+6      	; 0x63e <vfscanf+0xc4>
 638:	a7 c0       	rjmp	.+334    	; 0x788 <vfscanf+0x20e>
 63a:	ff 24       	eor	r15, r15
 63c:	fa 94       	dec	r15
 63e:	18 36       	cpi	r17, 0x68	; 104
 640:	19 f0       	breq	.+6      	; 0x648 <vfscanf+0xce>
 642:	1c 36       	cpi	r17, 0x6C	; 108
 644:	51 f0       	breq	.+20     	; 0x65a <vfscanf+0xe0>
 646:	10 c0       	rjmp	.+32     	; 0x668 <vfscanf+0xee>
 648:	fe 01       	movw	r30, r28
 64a:	e3 fc       	sbrc	r14, 3
 64c:	15 91       	lpm	r17, Z+
 64e:	e3 fe       	sbrs	r14, 3
 650:	11 91       	ld	r17, Z+
 652:	ef 01       	movw	r28, r30
 654:	18 36       	cpi	r17, 0x68	; 104
 656:	41 f4       	brne	.+16     	; 0x668 <vfscanf+0xee>
 658:	08 60       	ori	r16, 0x08	; 8
 65a:	04 60       	ori	r16, 0x04	; 4
 65c:	fe 01       	movw	r30, r28
 65e:	e3 fc       	sbrc	r14, 3
 660:	15 91       	lpm	r17, Z+
 662:	e3 fe       	sbrs	r14, 3
 664:	11 91       	ld	r17, Z+
 666:	ef 01       	movw	r28, r30
 668:	11 23       	and	r17, r17
 66a:	09 f4       	brne	.+2      	; 0x66e <vfscanf+0xf4>
 66c:	8d c0       	rjmp	.+282    	; 0x788 <vfscanf+0x20e>
 66e:	61 2f       	mov	r22, r17
 670:	70 e0       	ldi	r23, 0x00	; 0
 672:	88 e6       	ldi	r24, 0x68	; 104
 674:	90 e0       	ldi	r25, 0x00	; 0
 676:	0e 94 d7 03 	call	0x7ae	; 0x7ae <strchr_P>
 67a:	89 2b       	or	r24, r25
 67c:	09 f4       	brne	.+2      	; 0x680 <vfscanf+0x106>
 67e:	84 c0       	rjmp	.+264    	; 0x788 <vfscanf+0x20e>
 680:	00 fd       	sbrc	r16, 0
 682:	07 c0       	rjmp	.+14     	; 0x692 <vfscanf+0x118>
 684:	f5 01       	movw	r30, r10
 686:	80 80       	ld	r8, Z
 688:	91 80       	ldd	r9, Z+1	; 0x01
 68a:	c5 01       	movw	r24, r10
 68c:	02 96       	adiw	r24, 0x02	; 2
 68e:	5c 01       	movw	r10, r24
 690:	02 c0       	rjmp	.+4      	; 0x696 <vfscanf+0x11c>
 692:	81 2c       	mov	r8, r1
 694:	91 2c       	mov	r9, r1
 696:	1e 36       	cpi	r17, 0x6E	; 110
 698:	51 f4       	brne	.+20     	; 0x6ae <vfscanf+0x134>
 69a:	f6 01       	movw	r30, r12
 69c:	46 81       	ldd	r20, Z+6	; 0x06
 69e:	57 81       	ldd	r21, Z+7	; 0x07
 6a0:	60 e0       	ldi	r22, 0x00	; 0
 6a2:	70 e0       	ldi	r23, 0x00	; 0
 6a4:	20 2f       	mov	r18, r16
 6a6:	c4 01       	movw	r24, r8
 6a8:	0e 94 21 01 	call	0x242	; 0x242 <putval>
 6ac:	73 cf       	rjmp	.-282    	; 0x594 <vfscanf+0x1a>
 6ae:	13 36       	cpi	r17, 0x63	; 99
 6b0:	a9 f4       	brne	.+42     	; 0x6dc <vfscanf+0x162>
 6b2:	01 fd       	sbrc	r16, 1
 6b4:	02 c0       	rjmp	.+4      	; 0x6ba <vfscanf+0x140>
 6b6:	ff 24       	eor	r15, r15
 6b8:	f3 94       	inc	r15
 6ba:	c6 01       	movw	r24, r12
 6bc:	0e 94 e2 03 	call	0x7c4	; 0x7c4 <fgetc>
 6c0:	97 fd       	sbrc	r25, 7
 6c2:	60 c0       	rjmp	.+192    	; 0x784 <vfscanf+0x20a>
 6c4:	81 14       	cp	r8, r1
 6c6:	91 04       	cpc	r9, r1
 6c8:	29 f0       	breq	.+10     	; 0x6d4 <vfscanf+0x15a>
 6ca:	f4 01       	movw	r30, r8
 6cc:	80 83       	st	Z, r24
 6ce:	c4 01       	movw	r24, r8
 6d0:	01 96       	adiw	r24, 0x01	; 1
 6d2:	4c 01       	movw	r8, r24
 6d4:	fa 94       	dec	r15
 6d6:	f1 10       	cpse	r15, r1
 6d8:	f0 cf       	rjmp	.-32     	; 0x6ba <vfscanf+0x140>
 6da:	50 c0       	rjmp	.+160    	; 0x77c <vfscanf+0x202>
 6dc:	1b 35       	cpi	r17, 0x5B	; 91
 6de:	59 f4       	brne	.+22     	; 0x6f6 <vfscanf+0x17c>
 6e0:	9e 01       	movw	r18, r28
 6e2:	a4 01       	movw	r20, r8
 6e4:	6f 2d       	mov	r22, r15
 6e6:	c6 01       	movw	r24, r12
 6e8:	0e 94 ff 01 	call	0x3fe	; 0x3fe <conv_brk>
 6ec:	ec 01       	movw	r28, r24
 6ee:	89 2b       	or	r24, r25
 6f0:	09 f0       	breq	.+2      	; 0x6f4 <vfscanf+0x17a>
 6f2:	44 c0       	rjmp	.+136    	; 0x77c <vfscanf+0x202>
 6f4:	3e c0       	rjmp	.+124    	; 0x772 <vfscanf+0x1f8>
 6f6:	c6 01       	movw	r24, r12
 6f8:	0e 94 54 01 	call	0x2a8	; 0x2a8 <skip_spaces>
 6fc:	97 fd       	sbrc	r25, 7
 6fe:	42 c0       	rjmp	.+132    	; 0x784 <vfscanf+0x20a>
 700:	1f 36       	cpi	r17, 0x6F	; 111
 702:	61 f1       	breq	.+88     	; 0x75c <vfscanf+0x1e2>
 704:	28 f4       	brcc	.+10     	; 0x710 <vfscanf+0x196>
 706:	14 36       	cpi	r17, 0x64	; 100
 708:	39 f1       	breq	.+78     	; 0x758 <vfscanf+0x1de>
 70a:	19 36       	cpi	r17, 0x69	; 105
 70c:	51 f1       	breq	.+84     	; 0x762 <vfscanf+0x1e8>
 70e:	28 c0       	rjmp	.+80     	; 0x760 <vfscanf+0x1e6>
 710:	13 37       	cpi	r17, 0x73	; 115
 712:	71 f0       	breq	.+28     	; 0x730 <vfscanf+0x1b6>
 714:	15 37       	cpi	r17, 0x75	; 117
 716:	01 f1       	breq	.+64     	; 0x758 <vfscanf+0x1de>
 718:	23 c0       	rjmp	.+70     	; 0x760 <vfscanf+0x1e6>
 71a:	81 14       	cp	r8, r1
 71c:	91 04       	cpc	r9, r1
 71e:	29 f0       	breq	.+10     	; 0x72a <vfscanf+0x1b0>
 720:	f4 01       	movw	r30, r8
 722:	60 82       	st	Z, r6
 724:	c4 01       	movw	r24, r8
 726:	01 96       	adiw	r24, 0x01	; 1
 728:	4c 01       	movw	r8, r24
 72a:	fa 94       	dec	r15
 72c:	ff 20       	and	r15, r15
 72e:	71 f0       	breq	.+28     	; 0x74c <vfscanf+0x1d2>
 730:	c6 01       	movw	r24, r12
 732:	0e 94 e2 03 	call	0x7c4	; 0x7c4 <fgetc>
 736:	3c 01       	movw	r6, r24
 738:	97 fd       	sbrc	r25, 7
 73a:	08 c0       	rjmp	.+16     	; 0x74c <vfscanf+0x1d2>
 73c:	0e 94 ce 03 	call	0x79c	; 0x79c <isspace>
 740:	89 2b       	or	r24, r25
 742:	59 f3       	breq	.-42     	; 0x71a <vfscanf+0x1a0>
 744:	b6 01       	movw	r22, r12
 746:	c3 01       	movw	r24, r6
 748:	0e 94 20 04 	call	0x840	; 0x840 <ungetc>
 74c:	81 14       	cp	r8, r1
 74e:	91 04       	cpc	r9, r1
 750:	a9 f0       	breq	.+42     	; 0x77c <vfscanf+0x202>
 752:	f4 01       	movw	r30, r8
 754:	10 82       	st	Z, r1
 756:	12 c0       	rjmp	.+36     	; 0x77c <vfscanf+0x202>
 758:	00 62       	ori	r16, 0x20	; 32
 75a:	03 c0       	rjmp	.+6      	; 0x762 <vfscanf+0x1e8>
 75c:	00 61       	ori	r16, 0x10	; 16
 75e:	01 c0       	rjmp	.+2      	; 0x762 <vfscanf+0x1e8>
 760:	00 64       	ori	r16, 0x40	; 64
 762:	20 2f       	mov	r18, r16
 764:	a4 01       	movw	r20, r8
 766:	6f 2d       	mov	r22, r15
 768:	c6 01       	movw	r24, r12
 76a:	0e 94 6d 01 	call	0x2da	; 0x2da <conv_int>
 76e:	81 11       	cpse	r24, r1
 770:	05 c0       	rjmp	.+10     	; 0x77c <vfscanf+0x202>
 772:	f6 01       	movw	r30, r12
 774:	83 81       	ldd	r24, Z+3	; 0x03
 776:	80 73       	andi	r24, 0x30	; 48
 778:	29 f4       	brne	.+10     	; 0x784 <vfscanf+0x20a>
 77a:	06 c0       	rjmp	.+12     	; 0x788 <vfscanf+0x20e>
 77c:	00 fd       	sbrc	r16, 0
 77e:	0a cf       	rjmp	.-492    	; 0x594 <vfscanf+0x1a>
 780:	53 94       	inc	r5
 782:	08 cf       	rjmp	.-496    	; 0x594 <vfscanf+0x1a>
 784:	55 20       	and	r5, r5
 786:	19 f0       	breq	.+6      	; 0x78e <vfscanf+0x214>
 788:	85 2d       	mov	r24, r5
 78a:	90 e0       	ldi	r25, 0x00	; 0
 78c:	02 c0       	rjmp	.+4      	; 0x792 <vfscanf+0x218>
 78e:	8f ef       	ldi	r24, 0xFF	; 255
 790:	9f ef       	ldi	r25, 0xFF	; 255
 792:	cd b7       	in	r28, 0x3d	; 61
 794:	de b7       	in	r29, 0x3e	; 62
 796:	ef e0       	ldi	r30, 0x0F	; 15
 798:	0c 94 5b 04 	jmp	0x8b6	; 0x8b6 <__epilogue_restores__+0x6>

0000079c <isspace>:
 79c:	91 11       	cpse	r25, r1
 79e:	0c 94 39 04 	jmp	0x872	; 0x872 <__ctype_isfalse>
 7a2:	80 32       	cpi	r24, 0x20	; 32
 7a4:	19 f0       	breq	.+6      	; 0x7ac <isspace+0x10>
 7a6:	89 50       	subi	r24, 0x09	; 9
 7a8:	85 50       	subi	r24, 0x05	; 5
 7aa:	c8 f7       	brcc	.-14     	; 0x79e <isspace+0x2>
 7ac:	08 95       	ret

000007ae <strchr_P>:
 7ae:	fc 01       	movw	r30, r24
 7b0:	05 90       	lpm	r0, Z+
 7b2:	06 16       	cp	r0, r22
 7b4:	21 f0       	breq	.+8      	; 0x7be <strchr_P+0x10>
 7b6:	00 20       	and	r0, r0
 7b8:	d9 f7       	brne	.-10     	; 0x7b0 <strchr_P+0x2>
 7ba:	c0 01       	movw	r24, r0
 7bc:	08 95       	ret
 7be:	31 97       	sbiw	r30, 0x01	; 1
 7c0:	cf 01       	movw	r24, r30
 7c2:	08 95       	ret

000007c4 <fgetc>:
 7c4:	cf 93       	push	r28
 7c6:	df 93       	push	r29
 7c8:	ec 01       	movw	r28, r24
 7ca:	2b 81       	ldd	r18, Y+3	; 0x03
 7cc:	20 ff       	sbrs	r18, 0
 7ce:	33 c0       	rjmp	.+102    	; 0x836 <fgetc+0x72>
 7d0:	26 ff       	sbrs	r18, 6
 7d2:	0a c0       	rjmp	.+20     	; 0x7e8 <fgetc+0x24>
 7d4:	2f 7b       	andi	r18, 0xBF	; 191
 7d6:	2b 83       	std	Y+3, r18	; 0x03
 7d8:	8e 81       	ldd	r24, Y+6	; 0x06
 7da:	9f 81       	ldd	r25, Y+7	; 0x07
 7dc:	01 96       	adiw	r24, 0x01	; 1
 7de:	9f 83       	std	Y+7, r25	; 0x07
 7e0:	8e 83       	std	Y+6, r24	; 0x06
 7e2:	8a 81       	ldd	r24, Y+2	; 0x02
 7e4:	90 e0       	ldi	r25, 0x00	; 0
 7e6:	29 c0       	rjmp	.+82     	; 0x83a <fgetc+0x76>
 7e8:	22 ff       	sbrs	r18, 2
 7ea:	0f c0       	rjmp	.+30     	; 0x80a <fgetc+0x46>
 7ec:	e8 81       	ld	r30, Y
 7ee:	f9 81       	ldd	r31, Y+1	; 0x01
 7f0:	80 81       	ld	r24, Z
 7f2:	08 2e       	mov	r0, r24
 7f4:	00 0c       	add	r0, r0
 7f6:	99 0b       	sbc	r25, r25
 7f8:	00 97       	sbiw	r24, 0x00	; 0
 7fa:	19 f4       	brne	.+6      	; 0x802 <fgetc+0x3e>
 7fc:	20 62       	ori	r18, 0x20	; 32
 7fe:	2b 83       	std	Y+3, r18	; 0x03
 800:	1a c0       	rjmp	.+52     	; 0x836 <fgetc+0x72>
 802:	31 96       	adiw	r30, 0x01	; 1
 804:	f9 83       	std	Y+1, r31	; 0x01
 806:	e8 83       	st	Y, r30
 808:	0e c0       	rjmp	.+28     	; 0x826 <fgetc+0x62>
 80a:	ea 85       	ldd	r30, Y+10	; 0x0a
 80c:	fb 85       	ldd	r31, Y+11	; 0x0b
 80e:	09 95       	icall
 810:	97 ff       	sbrs	r25, 7
 812:	09 c0       	rjmp	.+18     	; 0x826 <fgetc+0x62>
 814:	2b 81       	ldd	r18, Y+3	; 0x03
 816:	01 96       	adiw	r24, 0x01	; 1
 818:	11 f0       	breq	.+4      	; 0x81e <fgetc+0x5a>
 81a:	80 e2       	ldi	r24, 0x20	; 32
 81c:	01 c0       	rjmp	.+2      	; 0x820 <fgetc+0x5c>
 81e:	80 e1       	ldi	r24, 0x10	; 16
 820:	82 2b       	or	r24, r18
 822:	8b 83       	std	Y+3, r24	; 0x03
 824:	08 c0       	rjmp	.+16     	; 0x836 <fgetc+0x72>
 826:	2e 81       	ldd	r18, Y+6	; 0x06
 828:	3f 81       	ldd	r19, Y+7	; 0x07
 82a:	2f 5f       	subi	r18, 0xFF	; 255
 82c:	3f 4f       	sbci	r19, 0xFF	; 255
 82e:	3f 83       	std	Y+7, r19	; 0x07
 830:	2e 83       	std	Y+6, r18	; 0x06
 832:	99 27       	eor	r25, r25
 834:	02 c0       	rjmp	.+4      	; 0x83a <fgetc+0x76>
 836:	8f ef       	ldi	r24, 0xFF	; 255
 838:	9f ef       	ldi	r25, 0xFF	; 255
 83a:	df 91       	pop	r29
 83c:	cf 91       	pop	r28
 83e:	08 95       	ret

00000840 <ungetc>:
 840:	fb 01       	movw	r30, r22
 842:	23 81       	ldd	r18, Z+3	; 0x03
 844:	20 ff       	sbrs	r18, 0
 846:	12 c0       	rjmp	.+36     	; 0x86c <ungetc+0x2c>
 848:	26 fd       	sbrc	r18, 6
 84a:	10 c0       	rjmp	.+32     	; 0x86c <ungetc+0x2c>
 84c:	8f 3f       	cpi	r24, 0xFF	; 255
 84e:	3f ef       	ldi	r19, 0xFF	; 255
 850:	93 07       	cpc	r25, r19
 852:	61 f0       	breq	.+24     	; 0x86c <ungetc+0x2c>
 854:	82 83       	std	Z+2, r24	; 0x02
 856:	2f 7d       	andi	r18, 0xDF	; 223
 858:	20 64       	ori	r18, 0x40	; 64
 85a:	23 83       	std	Z+3, r18	; 0x03
 85c:	26 81       	ldd	r18, Z+6	; 0x06
 85e:	37 81       	ldd	r19, Z+7	; 0x07
 860:	21 50       	subi	r18, 0x01	; 1
 862:	31 09       	sbc	r19, r1
 864:	37 83       	std	Z+7, r19	; 0x07
 866:	26 83       	std	Z+6, r18	; 0x06
 868:	99 27       	eor	r25, r25
 86a:	08 95       	ret
 86c:	8f ef       	ldi	r24, 0xFF	; 255
 86e:	9f ef       	ldi	r25, 0xFF	; 255
 870:	08 95       	ret

00000872 <__ctype_isfalse>:
 872:	99 27       	eor	r25, r25
 874:	88 27       	eor	r24, r24

00000876 <__ctype_istrue>:
 876:	08 95       	ret

00000878 <__prologue_saves__>:
 878:	2f 92       	push	r2
 87a:	3f 92       	push	r3
 87c:	4f 92       	push	r4
 87e:	5f 92       	push	r5
 880:	6f 92       	push	r6
 882:	7f 92       	push	r7
 884:	8f 92       	push	r8
 886:	9f 92       	push	r9
 888:	af 92       	push	r10
 88a:	bf 92       	push	r11
 88c:	cf 92       	push	r12
 88e:	df 92       	push	r13
 890:	ef 92       	push	r14
 892:	ff 92       	push	r15
 894:	0f 93       	push	r16
 896:	1f 93       	push	r17
 898:	cf 93       	push	r28
 89a:	df 93       	push	r29
 89c:	cd b7       	in	r28, 0x3d	; 61
 89e:	de b7       	in	r29, 0x3e	; 62
 8a0:	ca 1b       	sub	r28, r26
 8a2:	db 0b       	sbc	r29, r27
 8a4:	0f b6       	in	r0, 0x3f	; 63
 8a6:	f8 94       	cli
 8a8:	de bf       	out	0x3e, r29	; 62
 8aa:	0f be       	out	0x3f, r0	; 63
 8ac:	cd bf       	out	0x3d, r28	; 61
 8ae:	09 94       	ijmp

000008b0 <__epilogue_restores__>:
 8b0:	2a 88       	ldd	r2, Y+18	; 0x12
 8b2:	39 88       	ldd	r3, Y+17	; 0x11
 8b4:	48 88       	ldd	r4, Y+16	; 0x10
 8b6:	5f 84       	ldd	r5, Y+15	; 0x0f
 8b8:	6e 84       	ldd	r6, Y+14	; 0x0e
 8ba:	7d 84       	ldd	r7, Y+13	; 0x0d
 8bc:	8c 84       	ldd	r8, Y+12	; 0x0c
 8be:	9b 84       	ldd	r9, Y+11	; 0x0b
 8c0:	aa 84       	ldd	r10, Y+10	; 0x0a
 8c2:	b9 84       	ldd	r11, Y+9	; 0x09
 8c4:	c8 84       	ldd	r12, Y+8	; 0x08
 8c6:	df 80       	ldd	r13, Y+7	; 0x07
 8c8:	ee 80       	ldd	r14, Y+6	; 0x06
 8ca:	fd 80       	ldd	r15, Y+5	; 0x05
 8cc:	0c 81       	ldd	r16, Y+4	; 0x04
 8ce:	1b 81       	ldd	r17, Y+3	; 0x03
 8d0:	aa 81       	ldd	r26, Y+2	; 0x02
 8d2:	b9 81       	ldd	r27, Y+1	; 0x01
 8d4:	ce 0f       	add	r28, r30
 8d6:	d1 1d       	adc	r29, r1
 8d8:	0f b6       	in	r0, 0x3f	; 63
 8da:	f8 94       	cli
 8dc:	de bf       	out	0x3e, r29	; 62
 8de:	0f be       	out	0x3f, r0	; 63
 8e0:	cd bf       	out	0x3d, r28	; 61
 8e2:	ed 01       	movw	r28, r26
 8e4:	08 95       	ret

000008e6 <_exit>:
 8e6:	f8 94       	cli

000008e8 <__stop_program>:
 8e8:	ff cf       	rjmp	.-2      	; 0x8e8 <__stop_program>
